<testsuites id="" name="" tests="30" failures="0" skipped="0" errors="0" time="23.939661">
<testsuite name="api\home\sanity.spec.ts" timestamp="2025-09-01T22:30:15.069Z" hostname="chromium" tests="5" failures="0" skipped="0" time="0.128" errors="0">
<testcase name="[chromium] Home settings form data › Actual portalId &amp; guid should match expected portalId &amp; expected guid" classname="api\home\sanity.spec.ts" time="0.01">
</testcase>
<testcase name="[chromium] Home settings form data › Form should have correct UI related text properties" classname="api\home\sanity.spec.ts" time="0.02">
</testcase>
<testcase name="[chromium] Home settings form data › Form should contain at least one field group" classname="api\home\sanity.spec.ts" time="0.008">
</testcase>
<testcase name="[chromium] Home settings form data › Form should have &quot;firstname&quot;, &quot;lastname&quot;, and &quot;email&quot; fields as required with the correct placeholders" classname="api\home\sanity.spec.ts" time="0.076">
</testcase>
<testcase name="[chromium] Home settings form data › Form should have correct types for &quot;firstname&quot;, &quot;lastname&quot;, and &quot;email&quot; fields" classname="api\home\sanity.spec.ts" time="0.014">
</testcase>
</testsuite>
<testsuite name="ui\auth\signup.spec.ts" timestamp="2025-09-01T22:30:15.069Z" hostname="chromium" tests="1" failures="0" skipped="0" time="7.125" errors="0">
<testcase name="[chromium] Signup form › New customer submission" classname="ui\auth\signup.spec.ts" time="7.125">
</testcase>
</testsuite>
<testsuite name="api\home\sanity.spec.ts" timestamp="2025-09-01T22:30:15.069Z" hostname="firefox" tests="5" failures="0" skipped="0" time="0.054" errors="0">
<testcase name="[firefox] Home settings form data › Actual portalId &amp; guid should match expected portalId &amp; expected guid" classname="api\home\sanity.spec.ts" time="0.003">
</testcase>
<testcase name="[firefox] Home settings form data › Form should have correct UI related text properties" classname="api\home\sanity.spec.ts" time="0.004">
</testcase>
<testcase name="[firefox] Home settings form data › Form should contain at least one field group" classname="api\home\sanity.spec.ts" time="0.008">
</testcase>
<testcase name="[firefox] Home settings form data › Form should have &quot;firstname&quot;, &quot;lastname&quot;, and &quot;email&quot; fields as required with the correct placeholders" classname="api\home\sanity.spec.ts" time="0.012">
</testcase>
<testcase name="[firefox] Home settings form data › Form should have correct types for &quot;firstname&quot;, &quot;lastname&quot;, and &quot;email&quot; fields" classname="api\home\sanity.spec.ts" time="0.027">
</testcase>
</testsuite>
<testsuite name="ui\auth\signup.spec.ts" timestamp="2025-09-01T22:30:15.069Z" hostname="firefox" tests="1" failures="0" skipped="0" time="9.106" errors="0">
<testcase name="[firefox] Signup form › New customer submission" classname="ui\auth\signup.spec.ts" time="9.106">
</testcase>
</testsuite>
<testsuite name="api\home\sanity.spec.ts" timestamp="2025-09-01T22:30:15.069Z" hostname="webkit" tests="5" failures="0" skipped="0" time="0.17" errors="0">
<testcase name="[webkit] Home settings form data › Actual portalId &amp; guid should match expected portalId &amp; expected guid" classname="api\home\sanity.spec.ts" time="0.036">
</testcase>
<testcase name="[webkit] Home settings form data › Form should have correct UI related text properties" classname="api\home\sanity.spec.ts" time="0.041">
</testcase>
<testcase name="[webkit] Home settings form data › Form should contain at least one field group" classname="api\home\sanity.spec.ts" time="0.036">
</testcase>
<testcase name="[webkit] Home settings form data › Form should have &quot;firstname&quot;, &quot;lastname&quot;, and &quot;email&quot; fields as required with the correct placeholders" classname="api\home\sanity.spec.ts" time="0.044">
</testcase>
<testcase name="[webkit] Home settings form data › Form should have correct types for &quot;firstname&quot;, &quot;lastname&quot;, and &quot;email&quot; fields" classname="api\home\sanity.spec.ts" time="0.013">
</testcase>
</testsuite>
<testsuite name="ui\auth\signup.spec.ts" timestamp="2025-09-01T22:30:15.069Z" hostname="webkit" tests="1" failures="0" skipped="0" time="8.488" errors="0">
<testcase name="[webkit] Signup form › New customer submission" classname="ui\auth\signup.spec.ts" time="8.488">
</testcase>
</testsuite>
<testsuite name="api\home\sanity.spec.ts" timestamp="2025-09-01T22:30:15.069Z" hostname="Mobile Chrome" tests="5" failures="0" skipped="0" time="0.115" errors="0">
<testcase name="[Mobile Chrome] Home settings form data › Actual portalId &amp; guid should match expected portalId &amp; expected guid" classname="api\home\sanity.spec.ts" time="0.008">
</testcase>
<testcase name="[Mobile Chrome] Home settings form data › Form should have correct UI related text properties" classname="api\home\sanity.spec.ts" time="0.012">
</testcase>
<testcase name="[Mobile Chrome] Home settings form data › Form should contain at least one field group" classname="api\home\sanity.spec.ts" time="0.014">
</testcase>
<testcase name="[Mobile Chrome] Home settings form data › Form should have &quot;firstname&quot;, &quot;lastname&quot;, and &quot;email&quot; fields as required with the correct placeholders" classname="api\home\sanity.spec.ts" time="0.067">
</testcase>
<testcase name="[Mobile Chrome] Home settings form data › Form should have correct types for &quot;firstname&quot;, &quot;lastname&quot;, and &quot;email&quot; fields" classname="api\home\sanity.spec.ts" time="0.014">
</testcase>
</testsuite>
<testsuite name="ui\auth\signup.spec.ts" timestamp="2025-09-01T22:30:15.069Z" hostname="Mobile Chrome" tests="1" failures="0" skipped="0" time="5.821" errors="0">
<testcase name="[Mobile Chrome] Signup form › New customer submission" classname="ui\auth\signup.spec.ts" time="5.821">
</testcase>
</testsuite>
<testsuite name="api\home\sanity.spec.ts" timestamp="2025-09-01T22:30:15.069Z" hostname="Mobile Safari" tests="5" failures="0" skipped="0" time="0.065" errors="0">
<testcase name="[Mobile Safari] Home settings form data › Actual portalId &amp; guid should match expected portalId &amp; expected guid" classname="api\home\sanity.spec.ts" time="0.007">
</testcase>
<testcase name="[Mobile Safari] Home settings form data › Form should have correct UI related text properties" classname="api\home\sanity.spec.ts" time="0.006">
</testcase>
<testcase name="[Mobile Safari] Home settings form data › Form should contain at least one field group" classname="api\home\sanity.spec.ts" time="0.006">
</testcase>
<testcase name="[Mobile Safari] Home settings form data › Form should have &quot;firstname&quot;, &quot;lastname&quot;, and &quot;email&quot; fields as required with the correct placeholders" classname="api\home\sanity.spec.ts" time="0.028">
</testcase>
<testcase name="[Mobile Safari] Home settings form data › Form should have correct types for &quot;firstname&quot;, &quot;lastname&quot;, and &quot;email&quot; fields" classname="api\home\sanity.spec.ts" time="0.018">
</testcase>
</testsuite>
<testsuite name="ui\auth\signup.spec.ts" timestamp="2025-09-01T22:30:15.069Z" hostname="Mobile Safari" tests="1" failures="0" skipped="0" time="6.145" errors="0">
<testcase name="[Mobile Safari] Signup form › New customer submission" classname="ui\auth\signup.spec.ts" time="6.145">
</testcase>
</testsuite>
</testsuites>